<?xml version="1.0" encoding="UTF-8"?>
<testsuite xmlns:xsi="http://www.w3.org/2001/XMLSchema-instance" xsi:noNamespaceSchemaLocation="https://maven.apache.org/surefire/maven-surefire-plugin/xsd/surefire-test-report-3.0.xsd" version="3.0" name="com.greatlearning.ems.EmsApplicationTests" time="6.217" tests="1" errors="0" skipped="0" failures="0">
  <properties>
[...]
</properties>
  <testcase name="contextLoads" classname="com.greatlearning.ems.EmsApplicationTests" time="2.515">
    <system-out><![CDATA[17:02:44.880 [main] INFO org.springframework.test.context.support.AnnotationConfigContextLoaderUtils -- Could not detect default configuration classes for test class [com.greatlearning.ems.EmsApplicationTests]: EmsApplicationTests does not declare any static, non-private, non-final, nested classes annotated with @Configuration.
17:02:45.051 [main] INFO org.springframework.boot.test.context.SpringBootTestContextBootstrapper -- Found @SpringBootConfiguration com.greatlearning.ems.EmsApplication for test class com.greatlearning.ems.EmsApplicationTests

  .   ____          _            __ _ _
 /\\ / ___'_ __ _ _(_)_ __  __ _ \ \ \ \
( ( )\___ | '_ | '_| | '_ \/ _` | \ \ \ \
 \\/  ___)| |_)| | | | | || (_| |  ) ) ) )
  '  |____| .__|_| |_|_| |_\__, | / / / /
 =========|_|==============|___/=/_/_/_/
 :: Spring Boot ::                (v3.1.1)

2023-07-05T17:02:45.882+05:30  INFO 3607 --- [           main] c.greatlearning.ems.EmsApplicationTests  : Starting EmsApplicationTests using Java 17.0.7 with PID 3607 (started by VIDYA in /Users/VIDYA/eclipse-workspace/ems)
2023-07-05T17:02:45.887+05:30  INFO 3607 --- [           main] c.greatlearning.ems.EmsApplicationTests  : No active profile set, falling back to 1 default profile: "default"
2023-07-05T17:02:48.109+05:30  WARN 3607 --- [           main] ion$DefaultTemplateResolverConfiguration : Cannot find template location: classpath:/templates/ (please add some templates, check your Thymeleaf configuration, or set spring.thymeleaf.check-template-location=false)
2023-07-05T17:02:48.232+05:30  INFO 3607 --- [           main] c.greatlearning.ems.EmsApplicationTests  : Started EmsApplicationTests in 2.908 seconds (process running for 4.608)
]]></system-out>
  </testcase>
</testsuite>